<!DOCTYPE html PUBLIC "-//W3C//DTD XHTML 1.1//EN" "http://www.w3.org/TR/xhtml11/DTD/xhtml11.dtd">
<html xmlns="http://www.w3.org/1999/xhtml"><head><title>TestNG Report</title><style type="text/css">table {margin-bottom:10px;border-collapse:collapse;empty-cells:show}th,td {border:1px solid #009;padding:.25em .5em}th {vertical-align:bottom}td {vertical-align:top}table a {font-weight:bold}.stripe td {background-color: #E6EBF9}.num {text-align:right}.passedodd td {background-color: #3F3}.passedeven td {background-color: #0A0}.skippedodd td {background-color: #DDD}.skippedeven td {background-color: #CCC}.failedodd td,.attn {background-color: #F33}.failedeven td,.stripe .attn {background-color: #D00}.stacktrace {white-space:pre;font-family:monospace}.totop {font-size:85%;text-align:center;border-bottom:2px solid #000}</style></head><body><table><tr><th>Test</th><th># Passed</th><th># Skipped</th><th># Failed</th><th>Time (ms)</th><th>Included Groups</th><th>Excluded Groups</th></tr><tr><th colspan="7">Suite</th></tr><tr><td><a href="#t0">Test-POM</a></td><td class="num">0</td><td class="num attn">2</td><td class="num attn">2</td><td class="num">24,413</td><td></td><td></td></tr><tr class="stripe"><td><a href="#t1">Test-Keyword</a></td><td class="num">1</td><td class="num">0</td><td class="num">0</td><td class="num">11,192</td><td></td><td></td></tr><tr><th>Total</th><th class="num">1</th><th class="num attn">2</th><th class="num attn">2</th><th class="num">35,605</th><th colspan="2"></th></tr></table><table><thead><tr><th>Class</th><th>Method</th><th>Start</th><th>Time (ms)</th></tr></thead><tbody><tr><th colspan="4">Suite</th></tr></tbody><tbody id="t0"><tr><th colspan="4">Test-POM &#8212; failed (configuration methods)</th></tr><tr class="failedeven"><td rowspan="1">testcases.TC03_DeleteLead</td><td><a href="#m0">beforeMethod</a></td><td rowspan="1">1464319847318</td><td rowspan="1">0</td></tr><tr><th colspan="4">Test-POM &#8212; failed</th></tr><tr class="failedeven"><td rowspan="1">testcases.TC01_CreateLead</td><td><a href="#m1">CreateLeadForOpentaps</a></td><td rowspan="1">1464319839789</td><td rowspan="1">362</td></tr><tr class="failedodd"><td rowspan="1">testcases.TC02_EditLead</td><td><a href="#m2">EditLead</a></td><td rowspan="1">1464319846080</td><td rowspan="1">261</td></tr><tr><th colspan="4">Test-POM &#8212; skipped (configuration methods)</th></tr><tr class="skippedeven"><td rowspan="1">testcases.TC01_CreateLead</td><td><a href="#m3">afterTest</a></td><td rowspan="1">1464319856836</td><td rowspan="1">0</td></tr><tr class="skippedodd"><td rowspan="1">testcases.TC03_DeleteLead</td><td><a href="#m4">afterMethod</a></td><td rowspan="1">1464319856826</td><td rowspan="1">0</td></tr><tr class="skippedeven"><td rowspan="1">testcases.TC04_MergeLead</td><td><a href="#m5">startTestCase</a></td><td rowspan="1">1464319856828</td><td rowspan="1">0</td></tr><tr><th colspan="4">Test-POM &#8212; skipped</th></tr><tr class="skippedeven"><td rowspan="1">testcases.TC03_DeleteLead</td><td><a href="#m6">DeleteLeadFromRecord</a></td><td rowspan="1">1464319856823</td><td rowspan="1">1</td></tr><tr class="skippedodd"><td rowspan="1">testcases.TC04_MergeLead</td><td><a href="#m7">MergeLeadTest</a></td><td rowspan="1">1464319856834</td><td rowspan="1">0</td></tr></tbody><tbody id="t1"><tr><th colspan="4">Test-Keyword &#8212; passed</th></tr><tr class="passedeven"><td rowspan="1">keyword.RunScripts</td><td><a href="#m8">runScripts</a></td><td rowspan="1">1464319861357</td><td rowspan="1">5720</td></tr></tbody></table><h2>Test-POM</h2><h3 id="m0">testcases.TC03_DeleteLead#beforeMethod</h3><table class="result"><tr><th>Exception</th></tr><tr><td><div class="stacktrace">java.lang.RuntimeException: FAILED
	at utils.Reporter.reportStep(Reporter.java:37)
	at wrappers.GenericWrappers.invokeApp(GenericWrappers.java:82)
	at wrappers.OpentapsWrappers.beforeMethod(OpentapsWrappers.java:38)
	at sun.reflect.NativeMethodAccessorImpl.invoke0(Native Method)
	at sun.reflect.NativeMethodAccessorImpl.invoke(Unknown Source)
	at sun.reflect.DelegatingMethodAccessorImpl.invoke(Unknown Source)
	at java.lang.reflect.Method.invoke(Unknown Source)
	at org.testng.internal.MethodInvocationHelper.invokeMethod(MethodInvocationHelper.java:86)
	at org.testng.internal.Invoker.invokeConfigurationMethod(Invoker.java:515)
	at org.testng.internal.Invoker.invokeConfigurations(Invoker.java:216)
	at org.testng.internal.Invoker.invokeMethod(Invoker.java:590)
	at org.testng.internal.Invoker.invokeTestMethod(Invoker.java:823)
	at org.testng.internal.Invoker.invokeTestMethods(Invoker.java:1131)
	at org.testng.internal.TestMethodWorker.invokeTestMethods(TestMethodWorker.java:129)
	at org.testng.internal.TestMethodWorker.run(TestMethodWorker.java:112)
	at org.testng.TestRunner.privateRun(TestRunner.java:778)
	at org.testng.TestRunner.run(TestRunner.java:632)
	at org.testng.SuiteRunner.runTest(SuiteRunner.java:366)
	at org.testng.SuiteRunner.runSequentially(SuiteRunner.java:361)
	at org.testng.SuiteRunner.privateRun(SuiteRunner.java:319)
	at org.testng.SuiteRunner.run(SuiteRunner.java:268)
	at org.testng.SuiteRunnerWorker.runSuite(SuiteRunnerWorker.java:52)
	at org.testng.SuiteRunnerWorker.run(SuiteRunnerWorker.java:86)
	at org.testng.TestNG.runSuitesSequentially(TestNG.java:1225)
	at org.testng.TestNG.runSuitesLocally(TestNG.java:1150)
	at org.testng.TestNG.runSuites(TestNG.java:1075)
	at org.testng.TestNG.run(TestNG.java:1047)
	at org.testng.remote.AbstractRemoteTestNG.run(AbstractRemoteTestNG.java:126)
	at org.testng.remote.RemoteTestNG.initAndRun(RemoteTestNG.java:137)
	at org.testng.remote.RemoteTestNG.main(RemoteTestNG.java:58)
</div></td></tr></table><p class="totop"><a href="#summary">back to summary</a></p><h3 id="m1">testcases.TC01_CreateLead#CreateLeadForOpentaps</h3><table class="result"><tr class="param"><th>Parameter #1</th><th>Parameter #2</th><th>Parameter #3</th><th>Parameter #4</th><th>Parameter #5</th><th>Parameter #6</th></tr><tr class="param stripe"><td>DemoSalesManager</td><td>crmsfa</td><td>Deep</td><td>Deepak</td><td>Anbarasan</td><td>123456791</td></tr><tr><th colspan="6">Exception</th></tr><tr><td colspan="6"><div class="stacktrace">java.lang.RuntimeException: FAILED
	at utils.Reporter.reportStep(Reporter.java:37)
	at pages.LoginPage.&lt;init&gt;(LoginPage.java:14)
	at testcases.TC01_CreateLead.CreateLeadForOpentaps(TC01_CreateLead.java:22)
	at sun.reflect.NativeMethodAccessorImpl.invoke0(Native Method)
	at sun.reflect.NativeMethodAccessorImpl.invoke(Unknown Source)
	at sun.reflect.DelegatingMethodAccessorImpl.invoke(Unknown Source)
	at java.lang.reflect.Method.invoke(Unknown Source)
	at org.testng.internal.MethodInvocationHelper.invokeMethod(MethodInvocationHelper.java:86)
	at org.testng.internal.Invoker.invokeMethod(Invoker.java:646)
	at org.testng.internal.Invoker.invokeTestMethod(Invoker.java:823)
	at org.testng.internal.Invoker.invokeTestMethods(Invoker.java:1131)
	at org.testng.internal.TestMethodWorker.invokeTestMethods(TestMethodWorker.java:129)
	at org.testng.internal.TestMethodWorker.run(TestMethodWorker.java:112)
	at org.testng.TestRunner.privateRun(TestRunner.java:778)
	at org.testng.TestRunner.run(TestRunner.java:632)
	at org.testng.SuiteRunner.runTest(SuiteRunner.java:366)
	at org.testng.SuiteRunner.runSequentially(SuiteRunner.java:361)
	at org.testng.SuiteRunner.privateRun(SuiteRunner.java:319)
	at org.testng.SuiteRunner.run(SuiteRunner.java:268)
	at org.testng.SuiteRunnerWorker.runSuite(SuiteRunnerWorker.java:52)
	at org.testng.SuiteRunnerWorker.run(SuiteRunnerWorker.java:86)
	at org.testng.TestNG.runSuitesSequentially(TestNG.java:1225)
	at org.testng.TestNG.runSuitesLocally(TestNG.java:1150)
	at org.testng.TestNG.runSuites(TestNG.java:1075)
	at org.testng.TestNG.run(TestNG.java:1047)
	at org.testng.remote.AbstractRemoteTestNG.run(AbstractRemoteTestNG.java:126)
	at org.testng.remote.RemoteTestNG.initAndRun(RemoteTestNG.java:137)
	at org.testng.remote.RemoteTestNG.main(RemoteTestNG.java:58)
</div></td></tr></table><p class="totop"><a href="#summary">back to summary</a></p><h3 id="m2">testcases.TC02_EditLead#EditLead</h3><table class="result"><tr class="param"><th>Parameter #1</th><th>Parameter #2</th><th>Parameter #3</th><th>Parameter #4</th><th>Parameter #5</th><th>Parameter #6</th><th>Parameter #7</th></tr><tr class="param stripe"><td>DemoSalesManager</td><td>crmsfa</td><td>Demo Sales Manager</td><td>10018</td><td>Other</td><td>Automobile</td><td>10018</td></tr><tr><th colspan="7">Exception</th></tr><tr><td colspan="7"><div class="stacktrace">java.lang.RuntimeException: FAILED
	at utils.Reporter.reportStep(Reporter.java:37)
	at pages.LoginPage.&lt;init&gt;(LoginPage.java:14)
	at testcases.TC02_EditLead.EditLead(TC02_EditLead.java:22)
	at sun.reflect.NativeMethodAccessorImpl.invoke0(Native Method)
	at sun.reflect.NativeMethodAccessorImpl.invoke(Unknown Source)
	at sun.reflect.DelegatingMethodAccessorImpl.invoke(Unknown Source)
	at java.lang.reflect.Method.invoke(Unknown Source)
	at org.testng.internal.MethodInvocationHelper.invokeMethod(MethodInvocationHelper.java:86)
	at org.testng.internal.Invoker.invokeMethod(Invoker.java:646)
	at org.testng.internal.Invoker.invokeTestMethod(Invoker.java:823)
	at org.testng.internal.Invoker.invokeTestMethods(Invoker.java:1131)
	at org.testng.internal.TestMethodWorker.invokeTestMethods(TestMethodWorker.java:129)
	at org.testng.internal.TestMethodWorker.run(TestMethodWorker.java:112)
	at org.testng.TestRunner.privateRun(TestRunner.java:778)
	at org.testng.TestRunner.run(TestRunner.java:632)
	at org.testng.SuiteRunner.runTest(SuiteRunner.java:366)
	at org.testng.SuiteRunner.runSequentially(SuiteRunner.java:361)
	at org.testng.SuiteRunner.privateRun(SuiteRunner.java:319)
	at org.testng.SuiteRunner.run(SuiteRunner.java:268)
	at org.testng.SuiteRunnerWorker.runSuite(SuiteRunnerWorker.java:52)
	at org.testng.SuiteRunnerWorker.run(SuiteRunnerWorker.java:86)
	at org.testng.TestNG.runSuitesSequentially(TestNG.java:1225)
	at org.testng.TestNG.runSuitesLocally(TestNG.java:1150)
	at org.testng.TestNG.runSuites(TestNG.java:1075)
	at org.testng.TestNG.run(TestNG.java:1047)
	at org.testng.remote.AbstractRemoteTestNG.run(AbstractRemoteTestNG.java:126)
	at org.testng.remote.RemoteTestNG.initAndRun(RemoteTestNG.java:137)
	at org.testng.remote.RemoteTestNG.main(RemoteTestNG.java:58)
</div></td></tr></table><p class="totop"><a href="#summary">back to summary</a></p><h3 id="m3">testcases.TC01_CreateLead#afterTest</h3><table class="result"></table><p class="totop"><a href="#summary">back to summary</a></p><h3 id="m4">testcases.TC03_DeleteLead#afterMethod</h3><table class="result"></table><p class="totop"><a href="#summary">back to summary</a></p><h3 id="m5">testcases.TC04_MergeLead#startTestCase</h3><table class="result"></table><p class="totop"><a href="#summary">back to summary</a></p><h3 id="m6">testcases.TC03_DeleteLead#DeleteLeadFromRecord</h3><table class="result"><tr class="param"><th>Parameter #1</th><th>Parameter #2</th><th>Parameter #3</th></tr><tr class="param stripe"><td>DemoSalesManager</td><td>crmsfa</td><td>123456791</td></tr></table><p class="totop"><a href="#summary">back to summary</a></p><h3 id="m7">testcases.TC04_MergeLead#MergeLeadTest</h3><table class="result"><tr><th>Exception</th></tr><tr><td><div class="stacktrace">java.lang.NullPointerException
	at org.testng.internal.MethodInvocationHelper.invokeDataProvider(MethodInvocationHelper.java:151)
	at org.testng.internal.Parameters.handleParameters(Parameters.java:430)
	at org.testng.internal.Invoker.handleParameters(Invoker.java:1243)
	at org.testng.internal.Invoker.createParameters(Invoker.java:992)
	at org.testng.internal.Invoker.invokeTestMethods(Invoker.java:1082)
	at org.testng.internal.TestMethodWorker.invokeTestMethods(TestMethodWorker.java:129)
	at org.testng.internal.TestMethodWorker.run(TestMethodWorker.java:112)
	at org.testng.TestRunner.privateRun(TestRunner.java:778)
	at org.testng.TestRunner.run(TestRunner.java:632)
	at org.testng.SuiteRunner.runTest(SuiteRunner.java:366)
	at org.testng.SuiteRunner.runSequentially(SuiteRunner.java:361)
	at org.testng.SuiteRunner.privateRun(SuiteRunner.java:319)
	at org.testng.SuiteRunner.run(SuiteRunner.java:268)
	at org.testng.SuiteRunnerWorker.runSuite(SuiteRunnerWorker.java:52)
	at org.testng.SuiteRunnerWorker.run(SuiteRunnerWorker.java:86)
	at org.testng.TestNG.runSuitesSequentially(TestNG.java:1225)
	at org.testng.TestNG.runSuitesLocally(TestNG.java:1150)
	at org.testng.TestNG.runSuites(TestNG.java:1075)
	at org.testng.TestNG.run(TestNG.java:1047)
	at org.testng.remote.AbstractRemoteTestNG.run(AbstractRemoteTestNG.java:126)
	at org.testng.remote.RemoteTestNG.initAndRun(RemoteTestNG.java:137)
	at org.testng.remote.RemoteTestNG.main(RemoteTestNG.java:58)
</div></td></tr></table><p class="totop"><a href="#summary">back to summary</a></p><h2>Test-Keyword</h2><h3 id="m8">keyword.RunScripts#runScripts</h3><table class="result"></table><p class="totop"><a href="#summary">back to summary</a></p></body></html>